<?xml version="1.0" encoding="UTF-8"?>
<!-- Generated by org.testng.reporters.JUnitXMLReporter -->
<testsuite ignored="2" hostname="LAPTOP-C729B7H6" failures="1" tests="2" name="Test" time="8.268" errors="0" timestamp="2025-03-10T15:10:07 IST">
  <testcase classname="inventoryTests.AddProductToCartListeners" name="tc_005_addProductToCart" time="0.834">
    <failure type="java.lang.AssertionError" message="null">
      <![CDATA[java.lang.AssertionError: null
at inventoryTests.AddProductToCartListeners.tc_005_addProductToCart(AddProductToCartListeners.java:32)
at java.base/java.util.ArrayList.forEach(ArrayList.java:1597)
... Removed 27 stack frames]]>
    </failure>
  </testcase> <!-- tc_005_addProductToCart -->
  <testcase classname="inventoryTests.AddProductToCartUsingAssertion" name="tc_001_addProductToCart" time="0.371"/>
  <testcase classname="genericUtilities.BaseClass" name="@BeforeSuite bsConfig" time="0.0">
    <ignored/>
  </testcase> <!-- @BeforeSuite bsConfig -->
  <testcase classname="genericUtilities.BaseClass" name="@AfterSuite asConfig" time="0.0">
    <ignored/>
  </testcase> <!-- @AfterSuite asConfig -->
</testsuite> <!-- Test -->
