<?xml version="1.0" encoding="UTF-8"?>
<testng-results ignored="0" total="1" passed="0" failed="1" skipped="0">
  <reporter-output>
  </reporter-output>
  <suite started-at="2025-03-10T15:19:27 IST" name="Default suite" finished-at="2025-03-10T15:19:31 IST" duration-ms="4227">
    <groups>
      <group name="RegressionSuite">
        <method signature="AddProductToCartListeners.tc_005_addProductToCart()[pri:0, instance:inventoryTests.AddProductToCartListeners@2f9f7dcf]" name="tc_005_addProductToCart" class="inventoryTests.AddProductToCartListeners"/>
      </group> <!-- RegressionSuite -->
    </groups>
    <test started-at="2025-03-10T15:19:27 IST" name="Default test" finished-at="2025-03-10T15:19:31 IST" duration-ms="4227">
      <class name="inventoryTests.AddProductToCartListeners">
        <test-method is-config="true" signature="bsConfig()[pri:0, instance:inventoryTests.AddProductToCartListeners@2f9f7dcf]" started-at="2025-03-10T15:19:27 IST" name="bsConfig" finished-at="2025-03-10T15:19:27 IST" duration-ms="8" status="PASS">
          <reporter-output>
          </reporter-output>
        </test-method> <!-- bsConfig -->
        <test-method is-config="true" signature="bcConfig()[pri:0, instance:inventoryTests.AddProductToCartListeners@2f9f7dcf]" started-at="2025-03-10T15:19:27 IST" name="bcConfig" finished-at="2025-03-10T15:19:29 IST" duration-ms="2145" status="PASS">
          <reporter-output>
          </reporter-output>
        </test-method> <!-- bcConfig -->
        <test-method is-config="true" signature="bmConfig()[pri:0, instance:inventoryTests.AddProductToCartListeners@2f9f7dcf]" started-at="2025-03-10T15:19:29 IST" name="bmConfig" finished-at="2025-03-10T15:19:30 IST" duration-ms="326" status="PASS">
          <reporter-output>
          </reporter-output>
        </test-method> <!-- bmConfig -->
        <test-method signature="tc_005_addProductToCart()[pri:0, instance:inventoryTests.AddProductToCartListeners@2f9f7dcf]" started-at="2025-03-10T15:19:30 IST" name="tc_005_addProductToCart" finished-at="2025-03-10T15:19:30 IST" duration-ms="790" status="FAIL">
          <exception class="java.lang.AssertionError">
            <message>
              <![CDATA[null]]>
            </message>
            <full-stacktrace>
              <![CDATA[java.lang.AssertionError: null
at org.testng.Assert.fail(Assert.java:99)
at org.testng.Assert.fail(Assert.java:106)
at inventoryTests.AddProductToCartListeners.tc_005_addProductToCart(AddProductToCartListeners.java:32)
at java.base/jdk.internal.reflect.DirectMethodHandleAccessor.invoke(DirectMethodHandleAccessor.java:103)
at java.base/java.lang.reflect.Method.invoke(Method.java:580)
at org.testng.internal.MethodInvocationHelper.invokeMethod(MethodInvocationHelper.java:133)
at org.testng.internal.TestInvoker.invokeMethod(TestInvoker.java:598)
at org.testng.internal.TestInvoker.invokeTestMethod(TestInvoker.java:173)
at org.testng.internal.MethodRunner.runInSequence(MethodRunner.java:46)
at org.testng.internal.TestInvoker$MethodInvocationAgent.invoke(TestInvoker.java:824)
at org.testng.internal.TestInvoker.invokeTestMethods(TestInvoker.java:146)
at org.testng.internal.TestMethodWorker.invokeTestMethods(TestMethodWorker.java:146)
at org.testng.internal.TestMethodWorker.run(TestMethodWorker.java:128)
at java.base/java.util.ArrayList.forEach(ArrayList.java:1597)
at org.testng.TestRunner.privateRun(TestRunner.java:794)
at org.testng.TestRunner.run(TestRunner.java:596)
at org.testng.SuiteRunner.runTest(SuiteRunner.java:377)
at org.testng.SuiteRunner.runSequentially(SuiteRunner.java:371)
at org.testng.SuiteRunner.privateRun(SuiteRunner.java:332)
at org.testng.SuiteRunner.run(SuiteRunner.java:276)
at org.testng.SuiteRunnerWorker.runSuite(SuiteRunnerWorker.java:53)
at org.testng.SuiteRunnerWorker.run(SuiteRunnerWorker.java:96)
at org.testng.TestNG.runSuitesSequentially(TestNG.java:1212)
at org.testng.TestNG.runSuitesLocally(TestNG.java:1134)
at org.testng.TestNG.runSuites(TestNG.java:1063)
at org.testng.TestNG.run(TestNG.java:1031)
at org.testng.remote.AbstractRemoteTestNG.run(AbstractRemoteTestNG.java:115)
at org.testng.remote.RemoteTestNG.initAndRun(RemoteTestNG.java:293)
at org.testng.remote.RemoteTestNG.main(RemoteTestNG.java:91)
]]>
            </full-stacktrace>
          </exception> <!-- java.lang.AssertionError -->
          <reporter-output>
          </reporter-output>
        </test-method> <!-- tc_005_addProductToCart -->
        <test-method is-config="true" signature="anConfig()[pri:0, instance:inventoryTests.AddProductToCartListeners@2f9f7dcf]" started-at="2025-03-10T15:19:31 IST" name="anConfig" finished-at="2025-03-10T15:19:31 IST" duration-ms="201" status="PASS">
          <reporter-output>
          </reporter-output>
        </test-method> <!-- anConfig -->
        <test-method is-config="true" signature="acConfig()[pri:0, instance:inventoryTests.AddProductToCartListeners@2f9f7dcf]" started-at="2025-03-10T15:19:31 IST" name="acConfig" finished-at="2025-03-10T15:19:31 IST" duration-ms="237" status="PASS">
          <reporter-output>
          </reporter-output>
        </test-method> <!-- acConfig -->
        <test-method is-config="true" signature="asConfig()[pri:0, instance:inventoryTests.AddProductToCartListeners@2f9f7dcf]" started-at="2025-03-10T15:19:31 IST" name="asConfig" finished-at="2025-03-10T15:19:31 IST" duration-ms="1" status="PASS">
          <reporter-output>
          </reporter-output>
        </test-method> <!-- asConfig -->
      </class> <!-- inventoryTests.AddProductToCartListeners -->
    </test> <!-- Default test -->
  </suite> <!-- Default suite -->
</testng-results>
